Performing C SOURCE FILE Test CMAKE_HAVE_LIBC_PTHREAD failed with the following output:
Change Dir: /home/qt-legion/workspace/03-lab-03-shared-ptr-qt-legion/cmake-build-debug/CMakeFiles/CMakeTmp

Run Build Command(s):/usr/bin/gmake -f Makefile cmTC_ffc32/fast && /usr/bin/gmake  -f CMakeFiles/cmTC_ffc32.dir/build.make CMakeFiles/cmTC_ffc32.dir/build
gmake[1]: Entering directory '/home/qt-legion/workspace/03-lab-03-shared-ptr-qt-legion/cmake-build-debug/CMakeFiles/CMakeTmp'
Building C object CMakeFiles/cmTC_ffc32.dir/src.c.o
/usr/bin/cc -DCMAKE_HAVE_LIBC_PTHREAD   -o CMakeFiles/cmTC_ffc32.dir/src.c.o -c /home/qt-legion/workspace/03-lab-03-shared-ptr-qt-legion/cmake-build-debug/CMakeFiles/CMakeTmp/src.c
Linking C executable cmTC_ffc32
/snap/clion/163/bin/cmake/linux/bin/cmake -E cmake_link_script CMakeFiles/cmTC_ffc32.dir/link.txt --verbose=1
/usr/bin/cc CMakeFiles/cmTC_ffc32.dir/src.c.o -o cmTC_ffc32 
/usr/bin/ld: CMakeFiles/cmTC_ffc32.dir/src.c.o: in function `main':
src.c:(.text+0x2f): undefined reference to `pthread_create'
/usr/bin/ld: src.c:(.text+0x3b): undefined reference to `pthread_detach'
/usr/bin/ld: src.c:(.text+0x47): undefined reference to `pthread_cancel'
/usr/bin/ld: src.c:(.text+0x58): undefined reference to `pthread_join'
collect2: error: ld returned 1 exit status
gmake[1]: *** [CMakeFiles/cmTC_ffc32.dir/build.make:99: cmTC_ffc32] Error 1
gmake[1]: Leaving directory '/home/qt-legion/workspace/03-lab-03-shared-ptr-qt-legion/cmake-build-debug/CMakeFiles/CMakeTmp'
gmake: *** [Makefile:127: cmTC_ffc32/fast] Error 2


Source file was:
#include <pthread.h>

static void* test_func(void* data)
{
  return data;
}

int main(void)
{
  pthread_t thread;
  pthread_create(&thread, NULL, test_func, NULL);
  pthread_detach(thread);
  pthread_cancel(thread);
  pthread_join(thread, NULL);
  pthread_atfork(NULL, NULL, NULL);
  pthread_exit(NULL);

  return 0;
}

Determining if the function pthread_create exists in the pthreads failed with the following output:
Change Dir: /home/qt-legion/workspace/03-lab-03-shared-ptr-qt-legion/cmake-build-debug/CMakeFiles/CMakeTmp

Run Build Command(s):/usr/bin/gmake -f Makefile cmTC_f85f8/fast && /usr/bin/gmake  -f CMakeFiles/cmTC_f85f8.dir/build.make CMakeFiles/cmTC_f85f8.dir/build
gmake[1]: Entering directory '/home/qt-legion/workspace/03-lab-03-shared-ptr-qt-legion/cmake-build-debug/CMakeFiles/CMakeTmp'
Building C object CMakeFiles/cmTC_f85f8.dir/CheckFunctionExists.c.o
/usr/bin/cc   -DCHECK_FUNCTION_EXISTS=pthread_create -o CMakeFiles/cmTC_f85f8.dir/CheckFunctionExists.c.o -c /snap/clion/163/bin/cmake/linux/share/cmake-3.20/Modules/CheckFunctionExists.c
Linking C executable cmTC_f85f8
/snap/clion/163/bin/cmake/linux/bin/cmake -E cmake_link_script CMakeFiles/cmTC_f85f8.dir/link.txt --verbose=1
/usr/bin/cc  -DCHECK_FUNCTION_EXISTS=pthread_create CMakeFiles/cmTC_f85f8.dir/CheckFunctionExists.c.o -o cmTC_f85f8  -lpthreads 
/usr/bin/ld: cannot find -lpthreads
collect2: error: ld returned 1 exit status
gmake[1]: *** [CMakeFiles/cmTC_f85f8.dir/build.make:99: cmTC_f85f8] Error 1
gmake[1]: Leaving directory '/home/qt-legion/workspace/03-lab-03-shared-ptr-qt-legion/cmake-build-debug/CMakeFiles/CMakeTmp'
gmake: *** [Makefile:127: cmTC_f85f8/fast] Error 2



